Using pre-set license
Built from '2020.3/staging' branch; Version is '2020.3.30f1 (1fb1bf06830e) revision 2077119'; Using compiler version '192528614'; Build Type 'Release'
OS: 'Windows 10  (10.0.19043) 64bit Core' Language: 'en' Physical Memory: 32711 MB
BatchMode: 1, IsHumanControllingUs: 0, StartBugReporterOnCrash: 0, Is64bit: 1, IsPro: 0

COMMAND LINE ARGUMENTS:
C:\Program Files\Unity\Hub\Editor\2020.3.30f1\Editor\Unity.exe
-adb2
-batchMode
-noUpm
-name
AssetImportWorker0
-projectPath
E:/Unity/GameDevTV Course/Experimenting
-logFile
Logs/AssetImportWorker0.log
-srvPort
61538
Successfully changed project path to: E:/Unity/GameDevTV Course/Experimenting
E:/Unity/GameDevTV Course/Experimenting
Using Asset Import Pipeline V2.
Refreshing native plugins compatible for Editor in 30.95 ms, found 2 plugins.
Preloading 0 native plugins for Editor in 0.00 ms.
Initialize engine version: 2020.3.30f1 (1fb1bf06830e)
[Subsystems] Discovering subsystems at path C:/Program Files/Unity/Hub/Editor/2020.3.30f1/Editor/Data/Resources/UnitySubsystems
[Subsystems] Discovering subsystems at path E:/Unity/GameDevTV Course/Experimenting/Assets
GfxDevice: creating device client; threaded=0
Direct3D:
    Version:  Direct3D 11.0 [level 11.1]
    Renderer: NVIDIA GeForce GTX 1080 Ti (ID=0x1b06)
    Vendor:   
    VRAM:     11127 MB
    Driver:   30.0.15.1215
Initialize mono
Mono path[0] = 'C:/Program Files/Unity/Hub/Editor/2020.3.30f1/Editor/Data/Managed'
Mono path[1] = 'C:/Program Files/Unity/Hub/Editor/2020.3.30f1/Editor/Data/MonoBleedingEdge/lib/mono/unityjit'
Mono config path = 'C:/Program Files/Unity/Hub/Editor/2020.3.30f1/Editor/Data/MonoBleedingEdge/etc'
Using monoOptions --debugger-agent=transport=dt_socket,embedding=1,server=y,suspend=n,address=127.0.0.1:56876
Begin MonoManager ReloadAssembly
Registering precompiled unity dll's ...
Register platform support module: C:/Program Files/Unity/Hub/Editor/2020.3.30f1/Editor/Data/PlaybackEngines/WebGLSupport/UnityEditor.WebGL.Extensions.dll
Register platform support module: C:/Program Files/Unity/Hub/Editor/2020.3.30f1/Editor/Data/PlaybackEngines/WindowsStandaloneSupport/UnityEditor.WindowsStandalone.Extensions.dll
Registered in 0.003705 seconds.
Native extension for WindowsStandalone target not found
Native extension for WebGL target not found
Refreshing native plugins compatible for Editor in 29.34 ms, found 2 plugins.
Preloading 0 native plugins for Editor in 0.00 ms.
Mono: successfully reloaded assembly
- Completed reload, in  0.647 seconds
Domain Reload Profiling:
	ReloadAssembly (648ms)
		BeginReloadAssembly (93ms)
			ExecutionOrderSort (0ms)
			DisableScriptedObjects (0ms)
			BackupInstance (0ms)
			ReleaseScriptingObjects (0ms)
			CreateAndSetChildDomain (1ms)
		EndReloadAssembly (468ms)
			LoadAssemblies (88ms)
			RebuildTransferFunctionScriptingTraits (0ms)
			SetupTypeCache (161ms)
			ReleaseScriptCaches (0ms)
			RebuildScriptCaches (29ms)
			SetupLoadedEditorAssemblies (167ms)
				LogAssemblyErrors (0ms)
				InitializePlatformSupportModulesInManaged (6ms)
				SetLoadedEditorAssemblies (0ms)
				RefreshPlugins (29ms)
				BeforeProcessingInitializeOnLoad (14ms)
				ProcessInitializeOnLoadAttributes (88ms)
				ProcessInitializeOnLoadMethodAttributes (29ms)
				AfterProcessingInitializeOnLoad (0ms)
				EditorAssembliesLoaded (0ms)
			ExecutionOrderSort2 (0ms)
			AwakeInstancesAfterBackupRestoration (0ms)
Platform modules already initialized, skipping
Registering precompiled user dll's ...
Registered in 0.003208 seconds.
Begin MonoManager ReloadAssembly
Native extension for WindowsStandalone target not found
Native extension for WebGL target not found
Refreshing native plugins compatible for Editor in 0.36 ms, found 2 plugins.
Preloading 0 native plugins for Editor in 0.00 ms.
Mono: successfully reloaded assembly
- Completed reload, in  1.045 seconds
Domain Reload Profiling:
	ReloadAssembly (1046ms)
		BeginReloadAssembly (162ms)
			ExecutionOrderSort (0ms)
			DisableScriptedObjects (5ms)
			BackupInstance (0ms)
			ReleaseScriptingObjects (0ms)
			CreateAndSetChildDomain (19ms)
		EndReloadAssembly (813ms)
			LoadAssemblies (104ms)
			RebuildTransferFunctionScriptingTraits (0ms)
			SetupTypeCache (267ms)
			ReleaseScriptCaches (0ms)
			RebuildScriptCaches (40ms)
			SetupLoadedEditorAssemblies (321ms)
				LogAssemblyErrors (0ms)
				InitializePlatformSupportModulesInManaged (6ms)
				SetLoadedEditorAssemblies (1ms)
				RefreshPlugins (0ms)
				BeforeProcessingInitializeOnLoad (81ms)
				ProcessInitializeOnLoadAttributes (213ms)
				ProcessInitializeOnLoadMethodAttributes (10ms)
				AfterProcessingInitializeOnLoad (10ms)
				EditorAssembliesLoaded (0ms)
			ExecutionOrderSort2 (0ms)
			AwakeInstancesAfterBackupRestoration (7ms)
Platform modules already initialized, skipping
========================================================================
Worker process is ready to serve import requests
Launched and connected shader compiler UnityShaderCompiler.exe after 0.06 seconds
Refreshing native plugins compatible for Editor in 0.33 ms, found 2 plugins.
Preloading 0 native plugins for Editor in 0.00 ms.
Unloading 1502 Unused Serialized files (Serialized files now loaded: 0)
System memory in use before: 67.6 MB.
System memory in use after: 67.7 MB.

Unloading 16 unused Assets to reduce memory usage. Loaded Objects now: 1937.
Total: 2.852300 ms (FindLiveObjects: 0.156100 ms CreateObjectMapping: 0.041700 ms MarkObjects: 2.584600 ms  DeleteObjects: 0.069000 ms)

AssetImportParameters requested are different than current active one (requested -> active):
  custom:framework-win-MediaFoundation: 216162199b28c13a410421893ffa2e32 -> 
  custom:video-decoder-ogg-theora: a1e56fd34408186e4bbccfd4996cb3dc -> 
  custom:container-muxer-webm: aa71ff27fc2769a1b78a27578f13a17b -> 
  custom:container-demuxer-webm: 4f35f7cbe854078d1ac9338744f61a02 -> 
  custom:container-demuxer-ogg: 62fdf1f143b41e24485cea50d1cbac27 -> 
  custom:video-encoder-webm-vp8: eb34c28f22e8b96e1ab97ce403110664 -> 
  custom:video-decoder-webm-vp8: 9c59270c3fd7afecdb556c50c9e8de78 -> 
  custom:audio-decoder-ogg-vorbis: bf7c407c2cedff20999df2af8eb42d56 -> 
  custom:audio-encoder-webm-vorbis: bf7c407c2cedff20999df2af8eb42d56 -> 
========================================================================
Received Import Request.
  path: Assets/Car.prefab
  artifactKey: Guid(780620d12b6d8f142ac9dd73cb55cb74) Importer(815301076,1909f56bfc062723c751e8b465ee728b)
Start importing Assets/Car.prefab using Guid(780620d12b6d8f142ac9dd73cb55cb74) Importer(815301076,1909f56bfc062723c751e8b465ee728b)  -> (artifact id: '20a18399a68553c4038c787461033b55') in 0.111796 seconds 
========================================================================
Received Import Request.
  Time since last request: 699.318349 seconds.
  path: Assets/New Material.mat
  artifactKey: Guid(7ab1f2dd0feefc44bac3ac738acfe383) Importer(815301076,1909f56bfc062723c751e8b465ee728b)
Start importing Assets/New Material.mat using Guid(7ab1f2dd0feefc44bac3ac738acfe383) Importer(815301076,1909f56bfc062723c751e8b465ee728b)  -> (artifact id: '2b4a50ede8dcfb169789ee928bbee4c3') in 0.040903 seconds 
========================================================================
Received Import Request.
  Time since last request: 10.524602 seconds.
  path: Assets/Road.mat
  artifactKey: Guid(7ab1f2dd0feefc44bac3ac738acfe383) Importer(815301076,1909f56bfc062723c751e8b465ee728b)
Start importing Assets/Road.mat using Guid(7ab1f2dd0feefc44bac3ac738acfe383) Importer(815301076,1909f56bfc062723c751e8b465ee728b)  -> (artifact id: '8899be2924b31cadc70e89c8722e1e34') in 0.013491 seconds 
========================================================================
Received Import Request.
  Time since last request: 162.943756 seconds.
  path: Assets
  artifactKey: Guid(00000000000000001000000000000000) Importer(815301076,1909f56bfc062723c751e8b465ee728b)
Start importing Assets using Guid(00000000000000001000000000000000) Importer(815301076,1909f56bfc062723c751e8b465ee728b)  -> (artifact id: '42d402b061de3733987d63b9cc3b64de') in 0.009142 seconds 
========================================================================
Received Import Request.
  Time since last request: 7.804293 seconds.
  path: Assets/Sidewalk.mat
  artifactKey: Guid(75590b625837f964c9020663a840d62e) Importer(815301076,1909f56bfc062723c751e8b465ee728b)
Start importing Assets/Sidewalk.mat using Guid(75590b625837f964c9020663a840d62e) Importer(815301076,1909f56bfc062723c751e8b465ee728b)  -> (artifact id: '168a45f9be5cc885d11a77c56ed55130') in 0.020691 seconds 
========================================================================
Received Import Request.
  Time since last request: 600.860375 seconds.
  path: Assets/Lightpost Base.mat
  artifactKey: Guid(54b8508016317484ca6998dab051970d) Importer(815301076,1909f56bfc062723c751e8b465ee728b)
Start importing Assets/Lightpost Base.mat using Guid(54b8508016317484ca6998dab051970d) Importer(815301076,1909f56bfc062723c751e8b465ee728b)  -> (artifact id: 'b3cdcba9df0c1acfdbaa45911a5aad7c') in 0.020300 seconds 
========================================================================
Received Import Request.
  Time since last request: 315.405862 seconds.
  path: Assets/Lightpost Metal.mat
  artifactKey: Guid(cbfd315bc3993ea459c91ebd904c1ca6) Importer(815301076,1909f56bfc062723c751e8b465ee728b)
Start importing Assets/Lightpost Metal.mat using Guid(cbfd315bc3993ea459c91ebd904c1ca6) Importer(815301076,1909f56bfc062723c751e8b465ee728b)  -> (artifact id: 'c2c267688b4a734f91023a21f082e406') in 0.023109 seconds 
========================================================================
Received Import Request.
  Time since last request: 57.356096 seconds.
  path: Assets/Lamp Light.mat
  artifactKey: Guid(10a8b4f3668a7184187b92232fe5cc73) Importer(815301076,1909f56bfc062723c751e8b465ee728b)
Start importing Assets/Lamp Light.mat using Guid(10a8b4f3668a7184187b92232fe5cc73) Importer(815301076,1909f56bfc062723c751e8b465ee728b)  -> (artifact id: '89473ecf8b843c6be0075287dffa8f0b') in 0.020902 seconds 
========================================================================
Received Import Request.
  Time since last request: 10.040408 seconds.
  path: Assets/Lightpost Light.mat
  artifactKey: Guid(10a8b4f3668a7184187b92232fe5cc73) Importer(815301076,1909f56bfc062723c751e8b465ee728b)
Start importing Assets/Lightpost Light.mat using Guid(10a8b4f3668a7184187b92232fe5cc73) Importer(815301076,1909f56bfc062723c751e8b465ee728b)  -> (artifact id: '1afb0df417535433ad431bf0ccd421fb') in 0.019760 seconds 
========================================================================
Received Import Request.
  Time since last request: 26.832250 seconds.
  path: Assets/Lightpost Lamp.mat
  artifactKey: Guid(10a8b4f3668a7184187b92232fe5cc73) Importer(815301076,1909f56bfc062723c751e8b465ee728b)
Start importing Assets/Lightpost Lamp.mat using Guid(10a8b4f3668a7184187b92232fe5cc73) Importer(815301076,1909f56bfc062723c751e8b465ee728b)  -> (artifact id: '6a92be7339d810f8c949a1e7b30b92f4') in 0.012750 seconds 
========================================================================
Received Import Request.
  Time since last request: 38.938985 seconds.
  path: Assets/Lightpost.prefab
  artifactKey: Guid(ddcddfefeed2b7f48a4caa10c024b664) Importer(815301076,1909f56bfc062723c751e8b465ee728b)
Start importing Assets/Lightpost.prefab using Guid(ddcddfefeed2b7f48a4caa10c024b664) Importer(815301076,1909f56bfc062723c751e8b465ee728b)  -> (artifact id: 'e416d3a3dcdd295a13c53cbb48a45579') in 0.020057 seconds 
========================================================================
Received Import Request.
  Time since last request: 83.547065 seconds.
  path: Assets/Lightpost.prefab
  artifactKey: Guid(ddcddfefeed2b7f48a4caa10c024b664) Importer(815301076,1909f56bfc062723c751e8b465ee728b)
Start importing Assets/Lightpost.prefab using Guid(ddcddfefeed2b7f48a4caa10c024b664) Importer(815301076,1909f56bfc062723c751e8b465ee728b)  -> (artifact id: 'd1a5027f4683e8657ddd8c158917c92c') in 0.016618 seconds 
========================================================================
Received Import Request.
  Time since last request: 154.183677 seconds.
  path: Assets/Lightpost Base.mat
  artifactKey: Guid(54b8508016317484ca6998dab051970d) Importer(815301076,1909f56bfc062723c751e8b465ee728b)
Start importing Assets/Lightpost Base.mat using Guid(54b8508016317484ca6998dab051970d) Importer(815301076,1909f56bfc062723c751e8b465ee728b)  -> (artifact id: 'aaf2a48b4b9e9f9bd54085adf153d190') in 0.012410 seconds 
========================================================================
Received Import Request.
  Time since last request: 0.000189 seconds.
  path: Assets/Sidewalk.mat
  artifactKey: Guid(75590b625837f964c9020663a840d62e) Importer(815301076,1909f56bfc062723c751e8b465ee728b)
Start importing Assets/Sidewalk.mat using Guid(75590b625837f964c9020663a840d62e) Importer(815301076,1909f56bfc062723c751e8b465ee728b)  -> (artifact id: 'aed97aba8d5d7fc7cb772cc87479f033') in 0.022910 seconds 
========================================================================
Received Import Request.
  Time since last request: 0.000162 seconds.
  path: Assets/Lightpost Metal.mat
  artifactKey: Guid(cbfd315bc3993ea459c91ebd904c1ca6) Importer(815301076,1909f56bfc062723c751e8b465ee728b)
Start importing Assets/Lightpost Metal.mat using Guid(cbfd315bc3993ea459c91ebd904c1ca6) Importer(815301076,1909f56bfc062723c751e8b465ee728b)  -> (artifact id: '1279dca035477fac54e3dc763bb19022') in 0.018460 seconds 
========================================================================
Received Import Request.
  Time since last request: 0.000139 seconds.
  path: Assets/Road.mat
  artifactKey: Guid(7ab1f2dd0feefc44bac3ac738acfe383) Importer(815301076,1909f56bfc062723c751e8b465ee728b)
Start importing Assets/Road.mat using Guid(7ab1f2dd0feefc44bac3ac738acfe383) Importer(815301076,1909f56bfc062723c751e8b465ee728b)  -> (artifact id: 'b42a82bbd11590496e408467904bca33') in 0.014970 seconds 
========================================================================
Received Import Request.
  Time since last request: 13.941935 seconds.
  path: Assets/Yellow Line Stripe.mat
  artifactKey: Guid(5743b3672a79e164c8209653bd617dbf) Importer(815301076,1909f56bfc062723c751e8b465ee728b)
Start importing Assets/Yellow Line Stripe.mat using Guid(5743b3672a79e164c8209653bd617dbf) Importer(815301076,1909f56bfc062723c751e8b465ee728b)  -> (artifact id: '65787e5182d07d29a6b50b543a5179cf') in 0.013910 seconds 
========================================================================
Received Import Request.
  Time since last request: 14.602515 seconds.
  path: Assets/White Line Stripe.mat
  artifactKey: Guid(91f72fd8a42eca240b525dcb626bffa2) Importer(815301076,1909f56bfc062723c751e8b465ee728b)
Start importing Assets/White Line Stripe.mat using Guid(91f72fd8a42eca240b525dcb626bffa2) Importer(815301076,1909f56bfc062723c751e8b465ee728b)  -> (artifact id: '355a3a64fd7e0431b0ec141f98895044') in 0.015055 seconds 
AssetImportWorkerClient::OnTransportError - code=2 error=End of file
